;  ASM code generated by mikroVirtualMachine for PIC - V. 8.2.0.0
;  Date/Time: 14-Jun-19 10:38:28 AM
;  Info: http://www.mikroe.com


; ADDRESS	OPCODE	ASM
; ----------------------------------------------
$0000	$2804			GOTO	_main
$0239	$	_Delay_1us:
$0239	$0000			NOP
$023A	$0000			NOP
$023B	$0008			RETURN
$0220	$	_Delay_5500us:
$0220	$300F			MOVLW	15
$0221	$1303			BCF	STATUS, RP1
$0222	$1283			BCF	STATUS, RP0
$0223	$00FB			MOVWF	STACK_11
$0224	$30FF			MOVLW	255
$0225	$00FA			MOVWF	STACK_10
$0226	$0BFB			DECFSZ	STACK_11, F
$0227	$2A29			GOTO	$+2
$0228	$2A2C			GOTO	$+4
$0229	$0BFA			DECFSZ	STACK_10, F
$022A	$2A29			GOTO	$-1
$022B	$2A26			GOTO	$-5
$022C	$303E			MOVLW	62
$022D	$00FA			MOVWF	STACK_10
$022E	$0BFA			DECFSZ	STACK_10, F
$022F	$2A2E			GOTO	$-1
$0230	$0000			NOP
$0231	$0008			RETURN
$0232	$	_Delay_50us:
$0232	$3021			MOVLW	33
$0233	$1303			BCF	STATUS, RP1
$0234	$1283			BCF	STATUS, RP0
$0235	$00FA			MOVWF	STACK_10
$0236	$0BFA			DECFSZ	STACK_10, F
$0237	$2A36			GOTO	$-1
$0238	$0008			RETURN
$017D	$	_Lcd_Cmd:
$017D	$1303			BCF	STATUS, RP1
$017E	$1283			BCF	STATUS, RP0
$017F	$0820			MOVF	LCD_port_address, 0
$0180	$0084			MOVWF	FSR
$0181	$082F			MOVF	FARG_Lcd_Cmd+0, 0
$0182	$1903			BTFSC	STATUS, Z
$0183	$2984			GOTO	L_Lcd_Cmd_0
$0184	$	L_Lcd_Cmd_0:
$0184	$1180			BCF	INDF, ___ENABLE
$0185	$1100			BCF	INDF, ___RS
$0186	$1380			BCF	INDF, ___DB7
$0187	$1300			BCF	INDF, ___DB6
$0188	$1280			BCF	INDF, ___DB5
$0189	$1200			BCF	INDF, ___DB4
$018A	$1BAF			BTFSC	FARG_Lcd_Cmd+0, 7
$018B	$1780			BSF	INDF, ___DB7
$018C	$1B2F			BTFSC	FARG_Lcd_Cmd+0, 6
$018D	$1700			BSF	INDF, ___DB6
$018E	$1AAF			BTFSC	FARG_Lcd_Cmd+0, 5
$018F	$1680			BSF	INDF, ___DB5
$0190	$1A2F			BTFSC	FARG_Lcd_Cmd+0, 4
$0191	$1600			BSF	INDF, ___DB4
$0192	$0821			MOVF	LCD_cmd_status, 0
$0193	$1903			BTFSC	STATUS, Z
$0194	$2997			GOTO	L_Lcd_Cmd_1
$0195	$1100			BCF	INDF, ___RS
$0196	$2998			GOTO	L_Lcd_Cmd_2
$0197	$	L_Lcd_Cmd_1:
$0197	$1500			BSF	INDF, ___RS
$0198	$	L_Lcd_Cmd_2:
$0198	$1580			BSF	INDF, ___ENABLE
$0199	$2239			CALL	_Delay_1us
$019A	$082F			MOVF	FARG_Lcd_Cmd+0, 0
$019B	$1903			BTFSC	STATUS, Z
$019C	$299D			GOTO	L_Lcd_Cmd_3
$019D	$	L_Lcd_Cmd_3:
$019D	$1180			BCF	INDF, ___ENABLE
$019E	$1100			BCF	INDF, ___RS
$019F	$1380			BCF	INDF, ___DB7
$01A0	$1300			BCF	INDF, ___DB6
$01A1	$1280			BCF	INDF, ___DB5
$01A2	$1200			BCF	INDF, ___DB4
$01A3	$19AF			BTFSC	FARG_Lcd_Cmd+0, 3
$01A4	$1780			BSF	INDF, ___DB7
$01A5	$192F			BTFSC	FARG_Lcd_Cmd+0, 2
$01A6	$1700			BSF	INDF, ___DB6
$01A7	$18AF			BTFSC	FARG_Lcd_Cmd+0, 1
$01A8	$1680			BSF	INDF, ___DB5
$01A9	$182F			BTFSC	FARG_Lcd_Cmd+0, 0
$01AA	$1600			BSF	INDF, ___DB4
$01AB	$0821			MOVF	LCD_cmd_status, 0
$01AC	$1903			BTFSC	STATUS, Z
$01AD	$29B0			GOTO	L_Lcd_Cmd_4
$01AE	$1100			BCF	INDF, ___RS
$01AF	$29B1			GOTO	L_Lcd_Cmd_5
$01B0	$	L_Lcd_Cmd_4:
$01B0	$1500			BSF	INDF, ___RS
$01B1	$	L_Lcd_Cmd_5:
$01B1	$1580			BSF	INDF, ___ENABLE
$01B2	$2239			CALL	_Delay_1us
$01B3	$1180			BCF	INDF, ___ENABLE
$01B4	$0821			MOVF	LCD_cmd_status, 0
$01B5	$1903			BTFSC	STATUS, Z
$01B6	$29B9			GOTO	L_Lcd_Cmd_6
$01B7	$2220			CALL	_Delay_5500us
$01B8	$29BA			GOTO	L_Lcd_Cmd_7
$01B9	$	L_Lcd_Cmd_6:
$01B9	$2232			CALL	_Delay_50us
$01BA	$	L_Lcd_Cmd_7:
$01BA	$0008			RETURN
$01F2	$	_Div_16x16_S_L:
$01F2	$1303			BCF	STATUS, RP1
$01F3	$1283			BCF	STATUS, RP0
$01F4	$0D71			RLF	STACK_1, W
$01F5	$0DF8			RLF	STACK_8, F
$01F6	$0DF9			RLF	STACK_9, F
$01F7	$0874			MOVF	STACK_4, W
$01F8	$02F8			SUBWF	STACK_8, F
$01F9	$0875			MOVF	STACK_5, W
$01FA	$1C03			BTFSS	STATUS, C
$01FB	$0F75			INCFSZ	STACK_5, W
$01FC	$02F9			SUBWF	STACK_9, F
$01FD	$0DF0			RLF	STACK_0, F
$01FE	$0DF1			RLF	STACK_1, F
$01FF	$300F			MOVLW	15
$0200	$00FC			MOVWF	STACK_12
$0201	$0D71			RLF	STACK_1, W
$0202	$0DF8			RLF	STACK_8, F
$0203	$0DF9			RLF	STACK_9, F
$0204	$0874			MOVF	STACK_4, W
$0205	$1C70			BTFSS	STACK_0, 0
$0206	$2A0D			GOTO	$+7
$0207	$02F8			SUBWF	STACK_8, F
$0208	$0875			MOVF	STACK_5, W
$0209	$1C03			BTFSS	STATUS, C
$020A	$0F75			INCFSZ	STACK_5, W
$020B	$02F9			SUBWF	STACK_9, F
$020C	$2A12			GOTO	$+6
$020D	$07F8			ADDWF	STACK_8, F
$020E	$0875			MOVF	STACK_5, W
$020F	$1803			BTFSC	STATUS, C
$0210	$0F75			INCFSZ	STACK_5, W
$0211	$07F9			ADDWF	STACK_9, F
$0212	$0DF0			RLF	STACK_0, F
$0213	$0DF1			RLF	STACK_1, F
$0214	$0BFC			DECFSZ	STACK_12, F
$0215	$2A01			GOTO	$-20
$0216	$1870			BTFSC	STACK_0, 0
$0217	$2A1E			GOTO	$+7
$0218	$0874			MOVF	STACK_4, W
$0219	$07F8			ADDWF	STACK_8, F
$021A	$0875			MOVF	STACK_5, W
$021B	$1803			BTFSC	STATUS, C
$021C	$0F75			INCFSZ	STACK_5, W
$021D	$07F9			ADDWF	STACK_9, F
$021E	$0000			NOP
$021F	$0008			RETURN
$00D7	$	_Lcd_Init:
$00D7	$2220			CALL	_Delay_5500us
$00D8	$2220			CALL	_Delay_5500us
$00D9	$2220			CALL	_Delay_5500us
$00DA	$082C			MOVF	FARG_Lcd_Init+0, 0
$00DB	$00A0			MOVWF	LCD_port_address
$00DC	$082C			MOVF	FARG_Lcd_Init+0, 0
$00DD	$0084			MOVWF	FSR
$00DE	$1784			BSF	FSR, 7
$00DF	$1180			BCF	INDF, ___ENABLE
$00E0	$1100			BCF	INDF, ___RS
$00E1	$1000			BCF	INDF, ___RW
$00E2	$1380			BCF	INDF, ___DB7
$00E3	$1300			BCF	INDF, ___DB6
$00E4	$1280			BCF	INDF, ___DB5
$00E5	$1200			BCF	INDF, ___DB4
$00E6	$1384			BCF	FSR, 7
$00E7	$1180			BCF	INDF, ___ENABLE
$00E8	$1100			BCF	INDF, ___RS
$00E9	$1000			BCF	INDF, ___RW
$00EA	$1380			BCF	INDF, ___DB7
$00EB	$1300			BCF	INDF, ___DB6
$00EC	$1280			BCF	INDF, ___DB5
$00ED	$1200			BCF	INDF, ___DB4
$00EE	$1680			BSF	INDF, ___DB5
$00EF	$1600			BSF	INDF, ___DB4
$00F0	$1580			BSF	INDF, ___ENABLE
$00F1	$1180			BCF	INDF, ___ENABLE
$00F2	$2220			CALL	_Delay_5500us
$00F3	$1580			BSF	INDF, ___ENABLE
$00F4	$1180			BCF	INDF, ___ENABLE
$00F5	$2220			CALL	_Delay_5500us
$00F6	$1580			BSF	INDF, ___ENABLE
$00F7	$1180			BCF	INDF, ___ENABLE
$00F8	$2220			CALL	_Delay_5500us
$00F9	$1680			BSF	INDF, ___DB5
$00FA	$1200			BCF	INDF, ___DB4
$00FB	$1580			BSF	INDF, ___ENABLE
$00FC	$1180			BCF	INDF, ___ENABLE
$00FD	$2220			CALL	_Delay_5500us
$00FE	$0180			CLRF	INDF
$00FF	$1680			BSF	INDF, ___DB5
$0100	$1580			BSF	INDF, ___ENABLE
$0101	$1180			BCF	INDF, ___ENABLE
$0102	$0180			CLRF	INDF
$0103	$1780			BSF	INDF, ___DB7
$0104	$1580			BSF	INDF, ___ENABLE
$0105	$1180			BCF	INDF, ___ENABLE
$0106	$2220			CALL	_Delay_5500us
$0107	$0180			CLRF	INDF
$0108	$1600			BSF	INDF, ___DB4
$0109	$1580			BSF	INDF, ___ENABLE
$010A	$1180			BCF	INDF, ___ENABLE
$010B	$0180			CLRF	INDF
$010C	$1580			BSF	INDF, ___ENABLE
$010D	$1180			BCF	INDF, ___ENABLE
$010E	$2220			CALL	_Delay_5500us
$010F	$0180			CLRF	INDF
$0110	$1580			BSF	INDF, ___ENABLE
$0111	$1180			BCF	INDF, ___ENABLE
$0112	$1600			BSF	INDF, ___DB4
$0113	$1580			BSF	INDF, ___ENABLE
$0114	$1180			BCF	INDF, ___ENABLE
$0115	$2220			CALL	_Delay_5500us
$0116	$0180			CLRF	INDF
$0117	$1580			BSF	INDF, ___ENABLE
$0118	$1180			BCF	INDF, ___ENABLE
$0119	$1600			BSF	INDF, ___DB4
$011A	$1680			BSF	INDF, ___DB5
$011B	$1700			BSF	INDF, ___DB6
$011C	$1780			BSF	INDF, ___DB7
$011D	$1580			BSF	INDF, ___ENABLE
$011E	$1180			BCF	INDF, ___ENABLE
$011F	$2220			CALL	_Delay_5500us
$0120	$3001			MOVLW	1
$0121	$00A1			MOVWF	LCD_cmd_status
$0122	$0008			RETURN
$01BB	$	_Lcd_Chr:
$01BB	$29CD			GOTO	L_Lcd_Chr_8
$01BC	$	L_Lcd_Chr_10:
$01BC	$3080			MOVLW	128
$01BD	$1303			BCF	STATUS, RP1
$01BE	$1283			BCF	STATUS, RP0
$01BF	$00AC			MOVWF	FARG_Lcd_Chr+0
$01C0	$29E0			GOTO	L_Lcd_Chr_9
$01C1	$	L_Lcd_Chr_11:
$01C1	$30C0			MOVLW	192
$01C2	$00AC			MOVWF	FARG_Lcd_Chr+0
$01C3	$29E0			GOTO	L_Lcd_Chr_9
$01C4	$	L_Lcd_Chr_12:
$01C4	$3094			MOVLW	148
$01C5	$00AC			MOVWF	FARG_Lcd_Chr+0
$01C6	$29E0			GOTO	L_Lcd_Chr_9
$01C7	$	L_Lcd_Chr_13:
$01C7	$30D4			MOVLW	212
$01C8	$00AC			MOVWF	FARG_Lcd_Chr+0
$01C9	$29E0			GOTO	L_Lcd_Chr_9
$01CA	$	L_Lcd_Chr_14:
$01CA	$3080			MOVLW	128
$01CB	$00AC			MOVWF	FARG_Lcd_Chr+0
$01CC	$29E0			GOTO	L_Lcd_Chr_9
$01CD	$	L_Lcd_Chr_8:
$01CD	$1303			BCF	STATUS, RP1
$01CE	$1283			BCF	STATUS, RP0
$01CF	$082C			MOVF	FARG_Lcd_Chr+0, 0
$01D0	$3A01			XORLW	1
$01D1	$1903			BTFSC	STATUS, Z
$01D2	$29BC			GOTO	L_Lcd_Chr_10
$01D3	$082C			MOVF	FARG_Lcd_Chr+0, 0
$01D4	$3A02			XORLW	2
$01D5	$1903			BTFSC	STATUS, Z
$01D6	$29C1			GOTO	L_Lcd_Chr_11
$01D7	$082C			MOVF	FARG_Lcd_Chr+0, 0
$01D8	$3A03			XORLW	3
$01D9	$1903			BTFSC	STATUS, Z
$01DA	$29C4			GOTO	L_Lcd_Chr_12
$01DB	$082C			MOVF	FARG_Lcd_Chr+0, 0
$01DC	$3A04			XORLW	4
$01DD	$1903			BTFSC	STATUS, Z
$01DE	$29C7			GOTO	L_Lcd_Chr_13
$01DF	$29CA			GOTO	L_Lcd_Chr_14
$01E0	$	L_Lcd_Chr_9:
$01E0	$032D			DECF	FARG_Lcd_Chr+1, 0
$01E1	$00F0			MOVWF	STACK_0
$01E2	$082C			MOVF	FARG_Lcd_Chr+0, 0
$01E3	$07F0			ADDWF	STACK_0, 1
$01E4	$0870			MOVF	STACK_0, 0
$01E5	$00AC			MOVWF	FARG_Lcd_Chr+0
$01E6	$3001			MOVLW	1
$01E7	$00A1			MOVWF	LCD_cmd_status
$01E8	$0870			MOVF	STACK_0, 0
$01E9	$00AF			MOVWF	FARG_Lcd_Cmd+0
$01EA	$217D			CALL	_Lcd_Cmd
$01EB	$01A1			CLRF	LCD_cmd_status, 1
$01EC	$082E			MOVF	FARG_Lcd_Chr+2, 0
$01ED	$00AF			MOVWF	FARG_Lcd_Cmd+0
$01EE	$217D			CALL	_Lcd_Cmd
$01EF	$3001			MOVLW	1
$01F0	$00A1			MOVWF	LCD_cmd_status
$01F1	$0008			RETURN
$0123	$	_Div_16x16_S:
$0123	$1303			BCF	STATUS, RP1
$0124	$1283			BCF	STATUS, RP0
$0125	$01FD			CLRF	STACK_13
$0126	$01F9			CLRF	STACK_9
$0127	$01F8			CLRF	STACK_8
$0128	$0871			MOVF	STACK_1, W
$0129	$0470			IORWF	STACK_0, W
$012A	$1903			BTFSC	STATUS, Z
$012B	$3400			RETLW	0
$012C	$0871			MOVF	STACK_1, W
$012D	$0675			XORWF	STACK_5, W
$012E	$00FA			MOVWF	STACK_10
$012F	$1BFA			BTFSC	STACK_10, 7
$0130	$09FD			COMF	STACK_13, F
$0131	$01FB			CLRF	STACK_11
$0132	$1FF5			BTFSS	STACK_5, 7
$0133	$2939			GOTO	$+6
$0134	$09F4			COMF	STACK_4, F
$0135	$09F5			COMF	STACK_5, F
$0136	$0AF4			INCF	STACK_4, F
$0137	$1903			BTFSC	STATUS, Z
$0138	$0AF5			INCF	STACK_5, F
$0139	$1FF1			BTFSS	STACK_1, 7
$013A	$2940			GOTO	$+6
$013B	$09F0			COMF	STACK_0, F
$013C	$09F1			COMF	STACK_1, F
$013D	$0AF0			INCF	STACK_0, F
$013E	$1903			BTFSC	STATUS, Z
$013F	$0AF1			INCF	STACK_1, F
$0140	$0871			MOVF	STACK_1, W
$0141	$0475			IORWF	STACK_5, W
$0142	$00FA			MOVWF	STACK_10
$0143	$1BFA			BTFSC	STACK_10, 7
$0144	$2955			GOTO	$+17
$0145	$21F2			CALL	_Div_16x16_S_L
$0146	$187B			BTFSC	STACK_11, 0
$0147	$2968			GOTO	$+33
$0148	$1FFD			BTFSS	STACK_13, 7
$0149	$3400			RETLW	0
$014A	$09F0			COMF	STACK_0, F
$014B	$09F1			COMF	STACK_1, F
$014C	$0AF0			INCF	STACK_0, F
$014D	$1903			BTFSC	STATUS, Z
$014E	$0AF1			INCF	STACK_1, F
$014F	$09F8			COMF	STACK_8, F
$0150	$09F9			COMF	STACK_9, F
$0151	$0AF8			INCF	STACK_8, F
$0152	$1903			BTFSC	STATUS, Z
$0153	$0AF9			INCF	STACK_9, F
$0154	$3400			RETLW	0
$0155	$1FF5			BTFSS	STACK_5, 7
$0156	$2964			GOTO	$+14
$0157	$1BF1			BTFSC	STACK_1, 7
$0158	$2960			GOTO	$+8
$0159	$0871			MOVF	STACK_1, W
$015A	$00F9			MOVWF	STACK_9
$015B	$0870			MOVF	STACK_0, W
$015C	$00F8			MOVWF	STACK_8
$015D	$01F1			CLRF	STACK_1
$015E	$01F0			CLRF	STACK_0
$015F	$2948			GOTO	$-23
$0160	$01F1			CLRF	STACK_1
$0161	$01F0			CLRF	STACK_0
$0162	$0AF0			INCF	STACK_0, F
$0163	$3400			RETLW	0
$0164	$09F1			COMF	STACK_1, F
$0165	$09F0			COMF	STACK_0, F
$0166	$0AFB			INCF	STACK_11, F
$0167	$2945			GOTO	$-34
$0168	$0AF8			INCF	STACK_8, F
$0169	$1903			BTFSC	STATUS, Z
$016A	$0AF9			INCF	STACK_9, F
$016B	$0874			MOVF	STACK_4, W
$016C	$0278			SUBWF	STACK_8, W
$016D	$1D03			BTFSS	STATUS, Z
$016E	$2948			GOTO	$-38
$016F	$0875			MOVF	STACK_5, W
$0170	$0279			SUBWF	STACK_9, W
$0171	$1D03			BTFSS	STATUS, Z
$0172	$2948			GOTO	$-42
$0173	$01F9			CLRF	STACK_9
$0174	$01F8			CLRF	STACK_8
$0175	$0AF0			INCF	STACK_0, F
$0176	$1903			BTFSC	STATUS, Z
$0177	$0AF1			INCF	STACK_1, F
$0178	$1FF1			BTFSS	STACK_1, 7
$0179	$2948			GOTO	$-49
$017A	$0000			NOP
$017B	$34FF			RETLW	255
$017C	$0008			RETURN
$0004	$	_main:
;day3pic3.c,1 :: 		void main()
;day3pic3.c,3 :: 		int b=0;
$0004	$1303			BCF	STATUS, RP1
$0005	$1283			BCF	STATUS, RP0
$0006	$01A2			CLRF	main_b_L0
$0007	$01A3			CLRF	main_b_L0+1
;day3pic3.c,4 :: 		int b2=0;
$0008	$01A4			CLRF	main_b2_L0
$0009	$01A5			CLRF	main_b2_L0+1
;day3pic3.c,5 :: 		int lb=0;
$000A	$01A6			CLRF	main_lb_L0
$000B	$01A7			CLRF	main_lb_L0+1
;day3pic3.c,6 :: 		int a=0;
$000C	$01A8			CLRF	main_a_L0
$000D	$01A9			CLRF	main_a_L0+1
;day3pic3.c,7 :: 		int lb2=0;
$000E	$01AA			CLRF	main_lb2_L0
$000F	$01AB			CLRF	main_lb2_L0+1
;day3pic3.c,8 :: 		TRISD.F0=1;
$0010	$1683			BSF	STATUS, RP0
$0011	$1408			BSF	TRISD, 0
;day3pic3.c,9 :: 		TRISB = 0;
$0012	$0186			CLRF	TRISB, 1
;day3pic3.c,10 :: 		TRISD.F1=1;
$0013	$1488			BSF	TRISD, 1
;day3pic3.c,11 :: 		Lcd_Init(&PORTB);
$0014	$3006			MOVLW	PORTB
$0015	$1283			BCF	STATUS, RP0
$0016	$00AC			MOVWF	FARG_Lcd_Init+0
$0017	$20D7			CALL	_Lcd_Init
;day3pic3.c,12 :: 		Lcd_Cmd(Lcd_CLEAR);
$0018	$3001			MOVLW	1
$0019	$00AF			MOVWF	FARG_Lcd_Cmd+0
$001A	$217D			CALL	_Lcd_Cmd
;day3pic3.c,13 :: 		Lcd_Cmd(Lcd_CURSOR_OFF);
$001B	$300C			MOVLW	12
$001C	$00AF			MOVWF	FARG_Lcd_Cmd+0
$001D	$217D			CALL	_Lcd_Cmd
;day3pic3.c,15 :: 		while(1)
$001E	$	L_main_0:
;day3pic3.c,18 :: 		b = PORTD.F0;
$001E	$3001			MOVLW	1
$001F	$0508			ANDWF	PORTD, 0
$0020	$00A2			MOVWF	main_b_L0
$0021	$01A3			CLRF	main_b_L0+1
$0022	$3000			MOVLW	0
$0023	$05A3			ANDWF	main_b_L0+1, 1
$0024	$3000			MOVLW	0
$0025	$00A3			MOVWF	main_b_L0+1
;day3pic3.c,19 :: 		b2 = PORTD.F1;
$0026	$3000			MOVLW	0
$0027	$1888			BTFSC	PORTD, 1
$0028	$3001			MOVLW	1
$0029	$00F2			MOVWF	STACK_2
$002A	$0872			MOVF	STACK_2, 0
$002B	$00A4			MOVWF	main_b2_L0
$002C	$01A5			CLRF	main_b2_L0+1
;day3pic3.c,20 :: 		if (b != lb)
$002D	$0823			MOVF	main_b_L0+1, 0
$002E	$0627			XORWF	main_lb_L0+1, 0
$002F	$1D03			BTFSS	STATUS, Z
$0030	$2833			GOTO	L_main_10
$0031	$0826			MOVF	main_lb_L0, 0
$0032	$0622			XORWF	main_b_L0, 0
$0033	$	L_main_10:
$0033	$1903			BTFSC	STATUS, Z
$0034	$2850			GOTO	L_main_2
;day3pic3.c,22 :: 		if (b == 1)
$0035	$3000			MOVLW	0
$0036	$0623			XORWF	main_b_L0+1, 0
$0037	$1D03			BTFSS	STATUS, Z
$0038	$283B			GOTO	L_main_11
$0039	$3001			MOVLW	1
$003A	$0622			XORWF	main_b_L0, 0
$003B	$	L_main_11:
$003B	$1D03			BTFSS	STATUS, Z
$003C	$2841			GOTO	L_main_3
;day3pic3.c,24 :: 		a++;
$003D	$0AA8			INCF	main_a_L0, 1
$003E	$1903			BTFSC	STATUS, Z
$003F	$0AA9			INCF	main_a_L0+1, 1
;day3pic3.c,25 :: 		}
$0040	$2841			GOTO	L_main_4
$0041	$	L_main_3:
;day3pic3.c,28 :: 		}
$0041	$	L_main_4:
;day3pic3.c,29 :: 		Delay_ms(50);
$0041	$3082			MOVLW	130
$0042	$00FB			MOVWF	STACK_11
$0043	$30FF			MOVLW	255
$0044	$00FA			MOVWF	STACK_10
$0045	$0BFB			DECFSZ	STACK_11, F
$0046	$2848			GOTO	$+2
$0047	$284B			GOTO	$+4
$0048	$0BFA			DECFSZ	STACK_10, F
$0049	$2848			GOTO	$-1
$004A	$2845			GOTO	$-5
$004B	$3087			MOVLW	135
$004C	$00FA			MOVWF	STACK_10
$004D	$0BFA			DECFSZ	STACK_10, F
$004E	$284D			GOTO	$-1
$004F	$0000			NOP
;day3pic3.c,30 :: 		}
$0050	$	L_main_2:
;day3pic3.c,31 :: 		lb = b;
$0050	$0822			MOVF	main_b_L0, 0
$0051	$00A6			MOVWF	main_lb_L0
$0052	$0823			MOVF	main_b_L0+1, 0
$0053	$00A7			MOVWF	main_lb_L0+1
;day3pic3.c,32 :: 		if (b2 != lb2)
$0054	$0825			MOVF	main_b2_L0+1, 0
$0055	$062B			XORWF	main_lb2_L0+1, 0
$0056	$1D03			BTFSS	STATUS, Z
$0057	$285A			GOTO	L_main_12
$0058	$082A			MOVF	main_lb2_L0, 0
$0059	$0624			XORWF	main_b2_L0, 0
$005A	$	L_main_12:
$005A	$1903			BTFSC	STATUS, Z
$005B	$2878			GOTO	L_main_5
;day3pic3.c,34 :: 		if (b2 == 1)
$005C	$3000			MOVLW	0
$005D	$0625			XORWF	main_b2_L0+1, 0
$005E	$1D03			BTFSS	STATUS, Z
$005F	$2862			GOTO	L_main_13
$0060	$3001			MOVLW	1
$0061	$0624			XORWF	main_b2_L0, 0
$0062	$	L_main_13:
$0062	$1D03			BTFSS	STATUS, Z
$0063	$2869			GOTO	L_main_6
;day3pic3.c,36 :: 		a--;
$0064	$3001			MOVLW	1
$0065	$02A8			SUBWF	main_a_L0, 1
$0066	$1C03			BTFSS	STATUS, C
$0067	$03A9			DECF	main_a_L0+1, 1
;day3pic3.c,37 :: 		} else
$0068	$2869			GOTO	L_main_7
$0069	$	L_main_6:
;day3pic3.c,39 :: 		}
$0069	$	L_main_7:
;day3pic3.c,40 :: 		Delay_ms(50);
$0069	$3082			MOVLW	130
$006A	$00FB			MOVWF	STACK_11
$006B	$30FF			MOVLW	255
$006C	$00FA			MOVWF	STACK_10
$006D	$0BFB			DECFSZ	STACK_11, F
$006E	$2870			GOTO	$+2
$006F	$2873			GOTO	$+4
$0070	$0BFA			DECFSZ	STACK_10, F
$0071	$2870			GOTO	$-1
$0072	$286D			GOTO	$-5
$0073	$3087			MOVLW	135
$0074	$00FA			MOVWF	STACK_10
$0075	$0BFA			DECFSZ	STACK_10, F
$0076	$2875			GOTO	$-1
$0077	$0000			NOP
;day3pic3.c,41 :: 		}
$0078	$	L_main_5:
;day3pic3.c,42 :: 		lb2 = b2;
$0078	$0824			MOVF	main_b2_L0, 0
$0079	$00AA			MOVWF	main_lb2_L0
$007A	$0825			MOVF	main_b2_L0+1, 0
$007B	$00AB			MOVWF	main_lb2_L0+1
;day3pic3.c,43 :: 		if(a<10)
$007C	$3080			MOVLW	128
$007D	$0629			XORWF	main_a_L0+1, 0
$007E	$00F0			MOVWF	STACK_0
$007F	$3080			MOVLW	128
$0080	$0270			SUBWF	STACK_0, 0
$0081	$1D03			BTFSS	STATUS, Z
$0082	$2885			GOTO	L_main_14
$0083	$300A			MOVLW	10
$0084	$0228			SUBWF	main_a_L0, 0
$0085	$	L_main_14:
$0085	$1803			BTFSC	STATUS, C
$0086	$2890			GOTO	L_main_8
;day3pic3.c,44 :: 		Lcd_Chr(1,1,a+0x30);
$0087	$3001			MOVLW	1
$0088	$00AC			MOVWF	FARG_Lcd_Chr+0
$0089	$3001			MOVLW	1
$008A	$00AD			MOVWF	FARG_Lcd_Chr+1
$008B	$3030			MOVLW	48
$008C	$0728			ADDWF	main_a_L0, 0
$008D	$00AE			MOVWF	FARG_Lcd_Chr+2
$008E	$21BB			CALL	_Lcd_Chr
$008F	$28B6			GOTO	L_main_9
$0090	$	L_main_8:
;day3pic3.c,47 :: 		Lcd_Chr(1,1,(a/10)+0x30);
$0090	$3001			MOVLW	1
$0091	$00AC			MOVWF	FARG_Lcd_Chr+0
$0092	$3001			MOVLW	1
$0093	$00AD			MOVWF	FARG_Lcd_Chr+1
$0094	$300A			MOVLW	10
$0095	$00F4			MOVWF	STACK_4
$0096	$3000			MOVLW	0
$0097	$00F5			MOVWF	STACK_4+1
$0098	$0828			MOVF	main_a_L0, 0
$0099	$00F0			MOVWF	STACK_0
$009A	$0829			MOVF	main_a_L0+1, 0
$009B	$00F1			MOVWF	STACK_0+1
$009C	$2123			CALL	_div_16x16_s
$009D	$3030			MOVLW	48
$009E	$0770			ADDWF	STACK_0, 0
$009F	$00AE			MOVWF	FARG_Lcd_Chr+2
$00A0	$21BB			CALL	_Lcd_Chr
;day3pic3.c,48 :: 		Lcd_Chr(1,2,(a%10)+0x30);
$00A1	$3001			MOVLW	1
$00A2	$00AC			MOVWF	FARG_Lcd_Chr+0
$00A3	$3002			MOVLW	2
$00A4	$00AD			MOVWF	FARG_Lcd_Chr+1
$00A5	$300A			MOVLW	10
$00A6	$00F4			MOVWF	STACK_4
$00A7	$3000			MOVLW	0
$00A8	$00F5			MOVWF	STACK_4+1
$00A9	$0828			MOVF	main_a_L0, 0
$00AA	$00F0			MOVWF	STACK_0
$00AB	$0829			MOVF	main_a_L0+1, 0
$00AC	$00F1			MOVWF	STACK_0+1
$00AD	$2123			CALL	_div_16x16_s
$00AE	$0878			MOVF	STACK_8, 0
$00AF	$00F0			MOVWF	STACK_0
$00B0	$0879			MOVF	STACK_9, 0
$00B1	$00F1			MOVWF	STACK_1
$00B2	$3030			MOVLW	48
$00B3	$0770			ADDWF	STACK_0, 0
$00B4	$00AE			MOVWF	FARG_Lcd_Chr+2
$00B5	$21BB			CALL	_Lcd_Chr
;day3pic3.c,49 :: 		}
$00B6	$	L_main_9:
;day3pic3.c,51 :: 		Delay_ms(150);
$00B6	$3002			MOVLW	2
$00B7	$00FC			MOVWF	STACK_12
$00B8	$30FF			MOVLW	255
$00B9	$00FB			MOVWF	STACK_11
$00BA	$30FF			MOVLW	255
$00BB	$00FA			MOVWF	STACK_10
$00BC	$0BFC			DECFSZ	STACK_12, F
$00BD	$28BF			GOTO	$+2
$00BE	$28C6			GOTO	$+8
$00BF	$0BFB			DECFSZ	STACK_11, F
$00C0	$28C2			GOTO	$+2
$00C1	$28C5			GOTO	$+4
$00C2	$0BFA			DECFSZ	STACK_10, F
$00C3	$28C2			GOTO	$-1
$00C4	$28BF			GOTO	$-5
$00C5	$28BC			GOTO	$-9
$00C6	$3087			MOVLW	135
$00C7	$00FB			MOVWF	STACK_11
$00C8	$30FF			MOVLW	255
$00C9	$00FA			MOVWF	STACK_10
$00CA	$0BFB			DECFSZ	STACK_11, F
$00CB	$28CD			GOTO	$+2
$00CC	$28D0			GOTO	$+4
$00CD	$0BFA			DECFSZ	STACK_10, F
$00CE	$28CD			GOTO	$-1
$00CF	$28CA			GOTO	$-5
$00D0	$3093			MOVLW	147
$00D1	$00FA			MOVWF	STACK_10
$00D2	$0BFA			DECFSZ	STACK_10, F
$00D3	$28D2			GOTO	$-1
$00D4	$0000			NOP
;day3pic3.c,52 :: 		}
$00D5	$281E			GOTO	L_main_0
;day3pic3.c,53 :: 		}
$00D6	$28D6			GOTO	$


//** Procedures locations **
//ADDRESS		PROCEDURE
//----------------------------------------------
$0004		main
$00D7		Lcd_Init
$0123		Div_16x16_S
$017D		Lcd_Cmd
$01BB		Lcd_Chr
$01F2		Div_16x16_S_L
$0220		Delay_5500us
$0232		Delay_50us
$0239		Delay_1us


//** Labels locations **
//ADDRESS		LABEL
//----------------------------------------------
$0004		_main:
$001E		L_main_0:
$0033		L_main_10:
$003B		L_main_11:
$0041		L_main_3:
$0041		L_main_4:
$0050		L_main_2:
$005A		L_main_12:
$0062		L_main_13:
$0069		L_main_6:
$0069		L_main_7:
$0078		L_main_5:
$0085		L_main_14:
$0090		L_main_8:
$00B6		L_main_9:
$00D7		_Lcd_Init:
$0123		_Div_16x16_S:
$017D		_Lcd_Cmd:
$0184		L_Lcd_Cmd_0:
$0197		L_Lcd_Cmd_1:
$0198		L_Lcd_Cmd_2:
$019D		L_Lcd_Cmd_3:
$01B0		L_Lcd_Cmd_4:
$01B1		L_Lcd_Cmd_5:
$01B9		L_Lcd_Cmd_6:
$01BA		L_Lcd_Cmd_7:
$01BB		_Lcd_Chr:
$01BC		L_Lcd_Chr_10:
$01C1		L_Lcd_Chr_11:
$01C4		L_Lcd_Chr_12:
$01C7		L_Lcd_Chr_13:
$01CA		L_Lcd_Chr_14:
$01CD		L_Lcd_Chr_8:
$01E0		L_Lcd_Chr_9:
$01F2		_Div_16x16_S_L:
$0220		_Delay_5500us:
$0232		_Delay_50us:
$0239		_Delay_1us:


//** Variables locations **
//ADDRESS		VARIABLE
//----------------------------------------------
$0000		INDF
$0002		PCL
$0003		STATUS
$0004		FSR
$0006		PORTB
$0008		PORTD
$000A		PCLATH
$0020		LCD_port_address
$0021		LCD_cmd_status
$0022		main_b_L0
$0024		main_b2_L0
$0026		main_lb_L0
$0028		main_a_L0
$002A		main_lb2_L0
$002C		FARG_Lcd_Chr+0
$002C		FARG_Lcd_Init+0
$002D		FARG_Lcd_Chr+1
$002E		FARG_Lcd_Chr+2
$002F		FARG_Lcd_Cmd+0
$0070		STACK_0
$0071		STACK_1
$0072		STACK_2
$0073		STACK_3
$0074		STACK_4
$0075		STACK_5
$0076		STACK_6
$0077		STACK_7
$0078		STACK_8
$0079		STACK_9
$007A		STACK_10
$007B		STACK_11
$007C		STACK_12
$007D		STACK_13
$007E		STACK_14
$007F		STACK_15
$0086		TRISB
$0088		TRISD


